

============================== 2023-08-25 11:12:42.980326 | a19daddf-ee3f-4c4a-bb1e-33fbed6eefa3 ==============================
[0m11:12:42.980326 [info ] [MainThread]: Running with dbt=1.4.7
[0m11:12:42.982140 [debug] [MainThread]: running dbt with arguments {'write_json': True, 'use_colors': True, 'printer_width': 80, 'version_check': True, 'partial_parse': True, 'static_parser': True, 'profiles_dir': '/home/korbash/.dbt', 'send_anonymous_usage_stats': True, 'quiet': False, 'no_print': False, 'cache_selected_only': False, 'project_name': 'users_site_actions', 'skip_profile_setup': False, 'which': 'init', 'indirect_selection': 'eager'}
[0m11:12:42.982370 [debug] [MainThread]: Tracking: tracking
[0m11:12:42.983956 [debug] [MainThread]: Sending event: {'category': 'dbt', 'action': 'invocation', 'label': 'start', 'context': [<snowplow_tracker.self_describing_json.SelfDescribingJson object at 0x7f568517ad10>, <snowplow_tracker.self_describing_json.SelfDescribingJson object at 0x7f568517a710>, <snowplow_tracker.self_describing_json.SelfDescribingJson object at 0x7f568517b090>]}
[0m11:12:42.984939 [debug] [MainThread]: Starter project path: /home/korbash/miniconda/envs/test-dbt/lib/python3.11/site-packages/dbt/include/starter_project
[0m11:12:51.196478 [info ] [MainThread]: No sample profile found for clickhouse.
[0m11:12:51.197270 [info ] [MainThread]: 
Your new dbt project "users_site_actions" was created!

For more information on how to configure the profiles.yml file,
please consult the dbt documentation here:

  https://docs.getdbt.com/docs/configure-your-profile

One more thing:

Need help? Don't hesitate to reach out to us via GitHub issues or on Slack:

  https://community.getdbt.com/

Happy modeling!

[0m11:12:51.197869 [debug] [MainThread]: Sending event: {'category': 'dbt', 'action': 'invocation', 'label': 'end', 'context': [<snowplow_tracker.self_describing_json.SelfDescribingJson object at 0x7f56851723d0>, <snowplow_tracker.self_describing_json.SelfDescribingJson object at 0x7f5685171450>, <snowplow_tracker.self_describing_json.SelfDescribingJson object at 0x7f5685180b50>]}
[0m11:12:51.198389 [debug] [MainThread]: Flushing usage events


============================== 2023-08-25 11:21:52.098774 | aeb5d0df-37c3-4c07-9c98-b08f45ffe162 ==============================
[0m11:21:52.098774 [info ] [MainThread]: Running with dbt=1.4.7
[0m11:21:52.100920 [debug] [MainThread]: running dbt with arguments {'write_json': True, 'use_colors': True, 'printer_width': 80, 'version_check': True, 'partial_parse': True, 'static_parser': True, 'profiles_dir': '/home/korbash/.dbt', 'send_anonymous_usage_stats': True, 'quiet': False, 'no_print': False, 'cache_selected_only': False, 'config_dir': False, 'which': 'debug', 'indirect_selection': 'eager'}
[0m11:21:52.101203 [debug] [MainThread]: Tracking: tracking
[0m11:21:52.103058 [debug] [MainThread]: Sending event: {'category': 'dbt', 'action': 'invocation', 'label': 'start', 'context': [<snowplow_tracker.self_describing_json.SelfDescribingJson object at 0x7f01d8a5ff10>, <snowplow_tracker.self_describing_json.SelfDescribingJson object at 0x7f01d8a59810>, <snowplow_tracker.self_describing_json.SelfDescribingJson object at 0x7f01d8a5cad0>]}
[0m11:21:52.166902 [debug] [MainThread]: Executing "git --help"
[0m11:21:52.176030 [debug] [MainThread]: STDOUT: "b"usage: git [--version] [--help] [-C <path>] [-c <name>=<value>]\n           [--exec-path[=<path>]] [--html-path] [--man-path] [--info-path]\n           [-p | --paginate | -P | --no-pager] [--no-replace-objects] [--bare]\n           [--git-dir=<path>] [--work-tree=<path>] [--namespace=<name>]\n           [--super-prefix=<path>] [--config-env=<name>=<envvar>]\n           <command> [<args>]\n\nThese are common Git commands used in various situations:\n\nstart a working area (see also: git help tutorial)\n   clone     Clone a repository into a new directory\n   init      Create an empty Git repository or reinitialize an existing one\n\nwork on the current change (see also: git help everyday)\n   add       Add file contents to the index\n   mv        Move or rename a file, a directory, or a symlink\n   restore   Restore working tree files\n   rm        Remove files from the working tree and from the index\n\nexamine the history and state (see also: git help revisions)\n   bisect    Use binary search to find the commit that introduced a bug\n   diff      Show changes between commits, commit and working tree, etc\n   grep      Print lines matching a pattern\n   log       Show commit logs\n   show      Show various types of objects\n   status    Show the working tree status\n\ngrow, mark and tweak your common history\n   branch    List, create, or delete branches\n   commit    Record changes to the repository\n   merge     Join two or more development histories together\n   rebase    Reapply commits on top of another base tip\n   reset     Reset current HEAD to the specified state\n   switch    Switch branches\n   tag       Create, list, delete or verify a tag object signed with GPG\n\ncollaborate (see also: git help workflows)\n   fetch     Download objects and refs from another repository\n   pull      Fetch from and integrate with another repository or a local branch\n   push      Update remote refs along with associated objects\n\n'git help -a' and 'git help -g' list available subcommands and some\nconcept guides. See 'git help <command>' or 'git help <concept>'\nto read about a specific subcommand or concept.\nSee 'git help git' for an overview of the system.\n""
[0m11:21:52.176362 [debug] [MainThread]: STDERR: "b''"
[0m11:21:52.180677 [debug] [MainThread]: Acquiring new clickhouse connection 'debug'
[0m11:21:52.181211 [debug] [MainThread]: Opening a new connection, currently in state init
[0m11:21:55.181464 [debug] [MainThread]: dbt_clickhouse adapter: On debug: select 1 as id...
[0m11:21:55.278864 [debug] [MainThread]: dbt_clickhouse adapter: SQL status: OK in 0.10 seconds
[0m11:21:55.283910 [debug] [MainThread]: Sending event: {'category': 'dbt', 'action': 'invocation', 'label': 'end', 'context': [<snowplow_tracker.self_describing_json.SelfDescribingJson object at 0x7f01d5fc0250>, <snowplow_tracker.self_describing_json.SelfDescribingJson object at 0x7f01d935c210>, <snowplow_tracker.self_describing_json.SelfDescribingJson object at 0x7f01d81f3450>]}
[0m11:21:55.286307 [debug] [MainThread]: Flushing usage events
[0m11:21:56.219348 [debug] [MainThread]: Connection 'debug' was left open.
[0m11:21:56.221456 [debug] [MainThread]: On debug: Close


============================== 2023-08-28 10:18:14.526529 | 16ff30ec-b7b1-4e58-87c5-18d0bc9944f2 ==============================
[0m10:18:14.526529 [info ] [MainThread]: Running with dbt=1.4.7
[0m10:18:14.532304 [debug] [MainThread]: running dbt with arguments {'write_json': True, 'use_colors': True, 'printer_width': 80, 'version_check': True, 'partial_parse': True, 'static_parser': True, 'profiles_dir': '/home/korbash/.dbt', 'send_anonymous_usage_stats': True, 'quiet': False, 'no_print': False, 'cache_selected_only': False, 'config_dir': False, 'which': 'debug', 'indirect_selection': 'eager'}
[0m10:18:14.533116 [debug] [MainThread]: Tracking: tracking
[0m10:18:14.538815 [debug] [MainThread]: Sending event: {'category': 'dbt', 'action': 'invocation', 'label': 'start', 'context': [<snowplow_tracker.self_describing_json.SelfDescribingJson object at 0x7f6403783590>, <snowplow_tracker.self_describing_json.SelfDescribingJson object at 0x7f64037825d0>, <snowplow_tracker.self_describing_json.SelfDescribingJson object at 0x7f6403783d10>]}
[0m10:18:14.733280 [debug] [MainThread]: Executing "git --help"
[0m10:18:14.741525 [debug] [MainThread]: STDOUT: "b"usage: git [--version] [--help] [-C <path>] [-c <name>=<value>]\n           [--exec-path[=<path>]] [--html-path] [--man-path] [--info-path]\n           [-p | --paginate | -P | --no-pager] [--no-replace-objects] [--bare]\n           [--git-dir=<path>] [--work-tree=<path>] [--namespace=<name>]\n           [--super-prefix=<path>] [--config-env=<name>=<envvar>]\n           <command> [<args>]\n\nThese are common Git commands used in various situations:\n\nstart a working area (see also: git help tutorial)\n   clone     Clone a repository into a new directory\n   init      Create an empty Git repository or reinitialize an existing one\n\nwork on the current change (see also: git help everyday)\n   add       Add file contents to the index\n   mv        Move or rename a file, a directory, or a symlink\n   restore   Restore working tree files\n   rm        Remove files from the working tree and from the index\n\nexamine the history and state (see also: git help revisions)\n   bisect    Use binary search to find the commit that introduced a bug\n   diff      Show changes between commits, commit and working tree, etc\n   grep      Print lines matching a pattern\n   log       Show commit logs\n   show      Show various types of objects\n   status    Show the working tree status\n\ngrow, mark and tweak your common history\n   branch    List, create, or delete branches\n   commit    Record changes to the repository\n   merge     Join two or more development histories together\n   rebase    Reapply commits on top of another base tip\n   reset     Reset current HEAD to the specified state\n   switch    Switch branches\n   tag       Create, list, delete or verify a tag object signed with GPG\n\ncollaborate (see also: git help workflows)\n   fetch     Download objects and refs from another repository\n   pull      Fetch from and integrate with another repository or a local branch\n   push      Update remote refs along with associated objects\n\n'git help -a' and 'git help -g' list available subcommands and some\nconcept guides. See 'git help <command>' or 'git help <concept>'\nto read about a specific subcommand or concept.\nSee 'git help git' for an overview of the system.\n""
[0m10:18:14.742604 [debug] [MainThread]: STDERR: "b''"
[0m10:18:14.752749 [debug] [MainThread]: Acquiring new clickhouse connection 'debug'
[0m10:18:14.754100 [debug] [MainThread]: Opening a new connection, currently in state init
[0m10:18:18.716676 [debug] [MainThread]: dbt_clickhouse adapter: On debug: select 1 as id...
[0m10:18:18.815093 [debug] [MainThread]: dbt_clickhouse adapter: SQL status: OK in 0.10 seconds
[0m10:18:18.819099 [debug] [MainThread]: Sending event: {'category': 'dbt', 'action': 'invocation', 'label': 'end', 'context': [<snowplow_tracker.self_describing_json.SelfDescribingJson object at 0x7f6403aff150>, <snowplow_tracker.self_describing_json.SelfDescribingJson object at 0x7f63ecf4a9d0>, <snowplow_tracker.self_describing_json.SelfDescribingJson object at 0x7f64037beb90>]}
[0m10:18:18.820365 [debug] [MainThread]: Flushing usage events
[0m10:18:19.749849 [debug] [MainThread]: Connection 'debug' was left open.
[0m10:18:19.752083 [debug] [MainThread]: On debug: Close
